[debug] [2023-02-14T11:06:01.752Z] ----------------------------------------------------------------------
[debug] [2023-02-14T11:06:01.753Z] Command:       /home/ntpl/.nvm/versions/node/v16.14.2/bin/node /home/ntpl/.nvm/versions/node/v16.14.2/bin/firebase init hosting
[debug] [2023-02-14T11:06:01.754Z] CLI Version:   11.23.0
[debug] [2023-02-14T11:06:01.754Z] Platform:      linux
[debug] [2023-02-14T11:06:01.754Z] Node Version:  v16.14.2
[debug] [2023-02-14T11:06:01.754Z] Time:          Tue Feb 14 2023 16:36:01 GMT+0530 (India Standard Time)
[debug] [2023-02-14T11:06:01.754Z] ----------------------------------------------------------------------
[debug] 
[debug] [2023-02-14T11:06:01.758Z] > command requires scopes: ["email","openid","https://www.googleapis.com/auth/cloudplatformprojects.readonly","https://www.googleapis.com/auth/firebase","https://www.googleapis.com/auth/cloud-platform"]
[debug] [2023-02-14T11:06:01.758Z] > authorizing via signed-in user (varunwilson6@gmail.com)
[info] 
     ######## #### ########  ######## ########     ###     ######  ########
     ##        ##  ##     ## ##       ##     ##  ##   ##  ##       ##
     ######    ##  ########  ######   ########  #########  ######  ######
     ##        ##  ##    ##  ##       ##     ## ##     ##       ## ##
     ##       #### ##     ## ######## ########  ##     ##  ######  ########

You're about to initialize a Firebase project in this directory:

  /home/ntpl/codeWorld/chat-app

[info] 
=== Project Setup
[info] 
[info] First, let's associate this project directory with a Firebase project.
[info] You can create multiple project aliases by running firebase use --add, 
[info] but for now we'll just set up a default project.
[info] 
[debug] [2023-02-14T11:06:04.722Z] >>> [apiv2][query] GET https://firebase.googleapis.com/v1beta1/projects pageSize=100
[debug] [2023-02-14T11:06:05.632Z] <<< [apiv2][status] GET https://firebase.googleapis.com/v1beta1/projects 200
[debug] [2023-02-14T11:06:05.632Z] <<< [apiv2][body] GET https://firebase.googleapis.com/v1beta1/projects [omitted]
[info] i  Using project chatapp-bac60 (ChatApp) 
[info] 
=== Hosting Setup
[info] 
[info] Your public directory is the folder (relative to your project directory) that
[info] will contain Hosting assets to be uploaded with firebase deploy. If you
[info] have a build process for your assets, use your build's output directory.
[info] 
[debug] [2023-02-14T11:06:22.550Z] >>> [apiv2][query] GET https://www.gstatic.com/firebasejs/releases.json [none]
[debug] [2023-02-14T11:06:22.781Z] <<< [apiv2][status] GET https://www.gstatic.com/firebasejs/releases.json 200
[debug] [2023-02-14T11:06:22.781Z] <<< [apiv2][body] GET https://www.gstatic.com/firebasejs/releases.json {"current":{"version":"9.17.1","browserURL":"https://www.gstatic.com/firebasejs/9.17.1/firebase.js","packageURL":"https://www.gstatic.com/firebasejs/9.17.1/firebase.tgz"},"live":{"version":"9.17","browserURL":"https://www.gstatic.com/firebasejs/live/9.17/firebase.js","packageURL":"https://www.gstatic.com/firebasejs/live/9.17/firebase.tgz"},"components":{"analytics":"https://www.gstatic.com/firebasejs/9.17.1/firebase-analytics.js","app":"https://www.gstatic.com/firebasejs/9.17.1/firebase-app.js","app-check":"https://www.gstatic.com/firebasejs/9.17.1/firebase-app-check.js","auth":"https://www.gstatic.com/firebasejs/9.17.1/firebase-auth.js","auth/cordova":"https://www.gstatic.com/firebasejs/9.17.1/firebase-auth/cordova.js","auth/react-native":"https://www.gstatic.com/firebasejs/9.17.1/firebase-auth/react-native.js","functions":"https://www.gstatic.com/firebasejs/9.17.1/firebase-functions.js","firestore":"https://www.gstatic.com/firebasejs/9.17.1/firebase-firestore.js","firestore/lite":"https://www.gstatic.com/firebasejs/9.17.1/firebase-firestore/lite.js","installations":"https://www.gstatic.com/firebasejs/9.17.1/firebase-installations.js","storage":"https://www.gstatic.com/firebasejs/9.17.1/firebase-storage.js","performance":"https://www.gstatic.com/firebasejs/9.17.1/firebase-performance.js","remote-config":"https://www.gstatic.com/firebasejs/9.17.1/firebase-remote-config.js","messaging":"https://www.gstatic.com/firebasejs/9.17.1/firebase-messaging.js","messaging/sw":"https://www.gstatic.com/firebasejs/9.17.1/firebase-messaging/sw.js","database":"https://www.gstatic.com/firebasejs/9.17.1/firebase-database.js","firestore.memory":"https://www.gstatic.com/firebasejs/9.17.1/firebase-firestore.memory.js"}}
[info] ✔  Wrote y/index.html 
[info] 
[info] i  Detected a .git folder at /home/ntpl/codeWorld/chat-app 
[info] i  Authorizing with GitHub to upload your service account to a GitHub repository's secrets store. 
[info] 
[info] Visit this URL on this device to log in:
[info] https://github.com/login/oauth/authorize?client_id=89cf50f02ac6aaed3484&state=1054717106&redirect_uri=http%3A%2F%2Flocalhost%3A9005&scope=read%3Auser%20repo%20public_repo
[info] 
[info] Waiting for authentication...
[debug] [2023-02-14T11:06:41.900Z] >>> [apiv2][query] POST https://github.com/login/oauth/access_token [none]
[debug] [2023-02-14T11:06:41.900Z] >>> [apiv2][body] POST https://github.com/login/oauth/access_token [stream]
[debug] [2023-02-14T11:06:42.427Z] <<< [apiv2][status] POST https://github.com/login/oauth/access_token 200
[debug] [2023-02-14T11:06:42.428Z] <<< [apiv2][body] POST https://github.com/login/oauth/access_token {"access_token":"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","token_type":"bearer","scope":"read:user,repo"}
[debug] [2023-02-14T11:06:42.436Z] >>> [apiv2][query] GET https://api.github.com/user [none]
[debug] [2023-02-14T11:06:43.120Z] <<< [apiv2][status] GET https://api.github.com/user 200
[debug] [2023-02-14T11:06:43.120Z] <<< [apiv2][body] GET https://api.github.com/user {"login":"varunwilson6","id":47499003,"node_id":"MDQ6VXNlcjQ3NDk5MDAz","avatar_url":"https://avatars.githubusercontent.com/u/47499003?v=4","gravatar_id":"","url":"https://api.github.com/users/varunwilson6","html_url":"https://github.com/varunwilson6","followers_url":"https://api.github.com/users/varunwilson6/followers","following_url":"https://api.github.com/users/varunwilson6/following{/other_user}","gists_url":"https://api.github.com/users/varunwilson6/gists{/gist_id}","starred_url":"https://api.github.com/users/varunwilson6/starred{/owner}{/repo}","subscriptions_url":"https://api.github.com/users/varunwilson6/subscriptions","organizations_url":"https://api.github.com/users/varunwilson6/orgs","repos_url":"https://api.github.com/users/varunwilson6/repos","events_url":"https://api.github.com/users/varunwilson6/events{/privacy}","received_events_url":"https://api.github.com/users/varunwilson6/received_events","type":"User","site_admin":false,"name":"Varun_Wilson","company":null,"blog":"","location":"Trivandrum","email":null,"hireable":null,"bio":"Javascript Developer","twitter_username":null,"public_repos":26,"public_gists":0,"followers":0,"following":1,"created_at":"2019-02-10T13:31:48Z","updated_at":"2023-01-20T18:05:07Z","private_gists":1,"total_private_repos":5,"owned_private_repos":5,"disk_usage":93039,"collaborators":1,"two_factor_authentication":false,"plan":{"name":"free","space":976562499,"collaborators":0,"private_repos":10000}}
[info] 
[info] ✔  Success! Logged into GitHub as varunwilson6 
[info] 
[debug] [2023-02-14T11:06:56.517Z] >>> [apiv2][query] GET https://api.github.com/repos//actions/secrets/public-key type=owner
[debug] [2023-02-14T11:06:57.050Z] <<< [apiv2][status] GET https://api.github.com/repos//actions/secrets/public-key 404
[debug] [2023-02-14T11:06:57.050Z] <<< [apiv2][body] GET https://api.github.com/repos//actions/secrets/public-key {"message":"Not Found","documentation_url":"https://docs.github.com/rest"}
